0 info it worked if it ends with ok
1 verbose cli [ '/usr/local/bin/node', '/usr/local/bin/npm', 'adduser' ]
2 info using npm@2.5.1
3 info using node@v0.12.0
4 verbose config Skipping project config: /Users/hcj/.npmrc. (matches userconfig)
5 verbose stack Error: canceled
5 verbose stack     at Interface.<anonymous> (/usr/local/lib/node_modules/npm/node_modules/read/lib/read.js:66:13)
5 verbose stack     at Interface.emit (events.js:104:17)
5 verbose stack     at Interface._ttyWrite (readline.js:694:16)
5 verbose stack     at ReadStream.onkeypress (readline.js:109:10)
5 verbose stack     at ReadStream.emit (events.js:110:17)
5 verbose stack     at readline.js:1175:14
5 verbose stack     at Array.forEach (native)
5 verbose stack     at emitKeys (readline.js:993:10)
5 verbose stack     at ReadStream.onData (readline.js:910:14)
5 verbose stack     at ReadStream.emit (events.js:107:17)
6 verbose cwd /Users/hcj/Projects/workstation/node-app/koa-status
7 error Darwin 14.0.0
8 error argv "/usr/local/bin/node" "/usr/local/bin/npm" "adduser"
9 error node v0.12.0
10 error npm  v2.5.1
11 error canceled
12 error If you need help, you may report this error at:
12 error     <http://github.com/npm/npm/issues>
13 verbose exit [ 1, true ]
